<?xml version="1.0" encoding="UTF-8"?>
<!-- Generated by org.testng.reporters.JUnitXMLReporter -->
<testsuite ignored="0" hostname="LAPTOP-ODIK6SBS" failures="0" tests="11" name="Surefire test" time="7.923" errors="0" timestamp="2026-05-01T19:34:35 BDT">
  <testcase classname="api.tests.AuthTests" name="testPostUser" time="4.912"/>
  <testcase classname="api.tests.AuthTests" name="testPostLoginUser" time="0.324"/>
  <testcase classname="api.tests.AuthTests" name="testAuthenticateUser" time="0.318"/>
  <testcase classname="api.tests.BookingTests" name="test_create_booking" time="0.26"/>
  <testcase classname="api.tests.BookingTests" name="test_read_booking_by_id" time="0.175"/>
  <testcase classname="api.tests.BookingTests" name="test_read_booking_by_ref" time="0.158"/>
  <testcase classname="api.tests.BookingTests" name="test_delete_booking" time="0.209"/>
  <testcase classname="api.tests.EventTests" name="testPostEvent" time="0.248"/>
  <testcase classname="api.tests.EventTests" name="testGetEvent" time="0.171"/>
  <testcase classname="api.tests.EventTests" name="testUpdateEvent" time="0.242"/>
  <testcase classname="api.tests.EventTests" name="testDeleteEvent" time="0.175"/>
</testsuite> <!-- Surefire test -->
