<?xml version="1.0" encoding="UTF-8"?>
<!-- Generated by org.testng.reporters.JUnitXMLReporter -->
<testsuite ignored="0" hostname="LAPTOP-ODIK6SBS" failures="0" tests="4" name="Default test" time="4.216" errors="0" timestamp="2026-05-05T22:35:50 BDT">
  <testcase classname="api.tests.EventTests" name="testPostEvent" time="0.257"/>
  <testcase classname="api.tests.EventTests" name="testGetEvent" time="0.202"/>
  <testcase classname="api.tests.EventTests" name="testUpdateEvent" time="0.218"/>
  <testcase classname="api.tests.EventTests" name="testDeleteEvent" time="0.192"/>
</testsuite> <!-- Default test -->
