<?xml version="1.0" encoding="UTF-8"?>
<!-- Generated by org.testng.reporters.JUnitXMLReporter -->
<testsuite ignored="0" hostname="LAPTOP-ODIK6SBS" failures="0" tests="3" name="AuthTest" time="4.38" errors="0" timestamp="2026-05-02T10:45:54 BDT">
  <testcase classname="api.tests.AuthTests" name="testPostUser" time="2.966"/>
  <testcase classname="api.tests.AuthTests" name="testPostLoginUser" time="0.305"/>
  <testcase classname="api.tests.AuthTests" name="testAuthenticateUser" time="0.234"/>
</testsuite> <!-- AuthTest -->
