<?xml version="1.0" encoding="UTF-8"?>
<!-- Generated by org.testng.reporters.JUnitXMLReporter -->
<testsuite ignored="0" hostname="LAPTOP-ODIK6SBS" failures="0" tests="3" name="AuthTest" time="3.95" errors="0" timestamp="2026-05-01T20:00:59 BDT">
  <testcase classname="api.tests.AuthTests" name="testPostUser" time="2.726"/>
  <testcase classname="api.tests.AuthTests" name="testPostLoginUser" time="0.268"/>
  <testcase classname="api.tests.AuthTests" name="testAuthenticateUser" time="0.238"/>
</testsuite> <!-- AuthTest -->
