<?xml version="1.0" encoding="UTF-8"?>
<!-- Generated by org.testng.reporters.JUnitXMLReporter -->
<testsuite ignored="0" hostname="LAPTOP-ODIK6SBS" failures="0" tests="4" name="BookingTest" time="4.753" errors="0" timestamp="2026-05-05T22:38:49 BDT">
  <testcase classname="api.tests.BookingTests" name="test_create_booking" time="0.313"/>
  <testcase classname="api.tests.BookingTests" name="test_read_booking_by_id" time="0.212"/>
  <testcase classname="api.tests.BookingTests" name="test_read_booking_by_ref" time="0.172"/>
  <testcase classname="api.tests.BookingTests" name="test_delete_booking" time="0.202"/>
</testsuite> <!-- BookingTest -->
