<?xml version="1.0" encoding="UTF-8"?>
<!-- Generated by org.testng.reporters.JUnitXMLReporter -->
<testsuite ignored="0" hostname="LAPTOP-ODIK6SBS" failures="0" tests="4" name="BookingTest" time="0.767" errors="0" timestamp="2026-05-01T20:01:01 BDT">
  <testcase classname="api.tests.BookingTests" name="test_create_booking" time="0.22"/>
  <testcase classname="api.tests.BookingTests" name="test_read_booking_by_id" time="0.164"/>
  <testcase classname="api.tests.BookingTests" name="test_read_booking_by_ref" time="0.161"/>
  <testcase classname="api.tests.BookingTests" name="test_delete_booking" time="0.193"/>
</testsuite> <!-- BookingTest -->
