<?xml version="1.0" encoding="UTF-8"?>
<!-- Generated by org.testng.reporters.JUnitXMLReporter -->
<testsuite ignored="0" hostname="LAPTOP-ODIK6SBS" failures="0" tests="4" name="EventTest" time="0.865" errors="0" timestamp="2026-05-01T20:01:00 BDT">
  <testcase classname="api.tests.EventTests" name="testPostEvent" time="0.199"/>
  <testcase classname="api.tests.EventTests" name="testGetEvent" time="0.178"/>
  <testcase classname="api.tests.EventTests" name="testUpdateEvent" time="0.218"/>
  <testcase classname="api.tests.EventTests" name="testDeleteEvent" time="0.188"/>
</testsuite> <!-- EventTest -->
