<?xml version="1.0" encoding="UTF-8"?>
<!-- Generated by org.testng.reporters.JUnitXMLReporter -->
<testsuite ignored="0" hostname="LAPTOP-ODIK6SBS" failures="0" tests="4" name="EventTest" time="4.799" errors="0" timestamp="2026-05-05T22:38:49 BDT">
  <testcase classname="api.tests.EventTests" name="testPostEvent" time="0.278"/>
  <testcase classname="api.tests.EventTests" name="testGetEvent" time="0.214"/>
  <testcase classname="api.tests.EventTests" name="testUpdateEvent" time="0.226"/>
  <testcase classname="api.tests.EventTests" name="testDeleteEvent" time="0.184"/>
</testsuite> <!-- EventTest -->
