<?xml version="1.0" encoding="UTF-8"?>
<testsuite xmlns:xsi="http://www.w3.org/2001/XMLSchema-instance" xsi:noNamespaceSchemaLocation="https://maven.apache.org/surefire/maven-surefire-plugin/xsd/surefire-test-report.xsd" version="3.0.2" name="TestSuite" time="8.43" tests="11" errors="0" skipped="0" failures="0" flakes="0">
  <properties>
[...]
</properties>
  <testcase name="testPostUser" classname="api.tests.AuthTests" time="4.914">
    <system-out><![CDATA[HTTP/1.1 201 Created
Date: Fri, 01 May 2026 13:34:28 GMT
Server: Apache/2.4.52 (Ubuntu)
X-Powered-By: Express
Access-Control-Allow-Origin: https://eventhub.rahulshettyacademy.com
Vary: Origin
Access-Control-Allow-Credentials: true
Content-Type: application/json; charset=utf-8
Content-Length: 260
ETag: W/"104-czYC19JcFA8Yj265BIQvG3EHR4A"
Keep-Alive: timeout=5, max=100
Connection: Keep-Alive

{
    "success": true,
    "token": "eyJhbGciOiJIUzI1NiIsInR5cCI6IkpXVCJ9.eyJ1c2VySWQiOjcyODAsImVtYWlsIjoibm9sYS5mYXlAZ21haWwuY29tIiwiaWF0IjoxNzc3NjQyNDY4LCJleHAiOjE3NzgyNDcyNjh9.qti8aPjITelKfqLgFiRmuATuFByndszb5igx7y5K5vY",
    "user": {
        "id": 7280,
        "email": "nola.fay@gmail.com"
    }
}
]]></system-out>
    <system-err><![CDATA[SLF4J(W): No SLF4J providers were found.
SLF4J(W): Defaulting to no-operation (NOP) logger implementation
SLF4J(W): See https://www.slf4j.org/codes.html#noProviders for further details.
]]></system-err>
  </testcase>
  <testcase name="testPostLoginUser[org.testng.TestRunner@5dc9d25a](1)" classname="api.tests.AuthTests" time="0.325">
    <system-out><![CDATA[HTTP/1.1 200 OK
Date: Fri, 01 May 2026 13:34:29 GMT
Server: Apache/2.4.52 (Ubuntu)
X-Powered-By: Express
Access-Control-Allow-Origin: https://eventhub.rahulshettyacademy.com
Vary: Origin
Access-Control-Allow-Credentials: true
Content-Type: application/json; charset=utf-8
Content-Length: 260
ETag: W/"104-F/NkbeB49/ysCgJhDRhQwzvyCaw"
Keep-Alive: timeout=5, max=100
Connection: Keep-Alive

{
    "success": true,
    "token": "eyJhbGciOiJIUzI1NiIsInR5cCI6IkpXVCJ9.eyJ1c2VySWQiOjcyODAsImVtYWlsIjoibm9sYS5mYXlAZ21haWwuY29tIiwiaWF0IjoxNzc3NjQyNDY5LCJleHAiOjE3NzgyNDcyNjl9.k3cmSR2wchqDjtf33CmQF5rO1S7BaZkBq0NJTHmNgj0",
    "user": {
        "id": 7280,
        "email": "nola.fay@gmail.com"
    }
}
The bearer token after login : eyJhbGciOiJIUzI1NiIsInR5cCI6IkpXVCJ9.eyJ1c2VySWQiOjcyODAsImVtYWlsIjoibm9sYS5mYXlAZ21haWwuY29tIiwiaWF0IjoxNzc3NjQyNDY5LCJleHAiOjE3NzgyNDcyNjl9.k3cmSR2wchqDjtf33CmQF5rO1S7BaZkBq0NJTHmNgj0
]]></system-out>
  </testcase>
  <testcase name="testAuthenticateUser" classname="api.tests.AuthTests" time="0.317">
    <system-out><![CDATA[The bearer token in testAuthenticateUser: eyJhbGciOiJIUzI1NiIsInR5cCI6IkpXVCJ9.eyJ1c2VySWQiOjcyODAsImVtYWlsIjoibm9sYS5mYXlAZ21haWwuY29tIiwiaWF0IjoxNzc3NjQyNDY5LCJleHAiOjE3NzgyNDcyNjl9.k3cmSR2wchqDjtf33CmQF5rO1S7BaZkBq0NJTHmNgj0
HTTP/1.1 200 OK
Date: Fri, 01 May 2026 13:34:29 GMT
Server: Apache/2.4.52 (Ubuntu)
X-Powered-By: Express
Access-Control-Allow-Origin: https://eventhub.rahulshettyacademy.com
Vary: Origin
Access-Control-Allow-Credentials: true
Content-Type: application/json; charset=utf-8
Content-Length: 102
ETag: W/"66-/Xko5tNwRbgm90WTc2mNM8Zlojk"
Keep-Alive: timeout=5, max=100
Connection: Keep-Alive

{
    "success": true,
    "user": {
        "userId": 7280,
        "email": "nola.fay@gmail.com",
        "iat": 1777642469,
        "exp": 1778247269
    }
}
]]></system-out>
  </testcase>
  <testcase name="test_create_booking[org.testng.TestRunner@5dc9d25a](1)" classname="api.tests.BookingTests" time="0.26">
    <system-out><![CDATA[TOKEN: eyJhbGciOiJIUzI1NiIsInR5cCI6IkpXVCJ9.eyJ1c2VySWQiOjcyODAsImVtYWlsIjoibm9sYS5mYXlAZ21haWwuY29tIiwiaWF0IjoxNzc3NjQyNDY5LCJleHAiOjE3NzgyNDcyNjl9.k3cmSR2wchqDjtf33CmQF5rO1S7BaZkBq0NJTHmNgj0
HTTP/1.1 201 Created
Date: Fri, 01 May 2026 13:34:29 GMT
Server: Apache/2.4.52 (Ubuntu)
X-Powered-By: Express
Access-Control-Allow-Origin: https://eventhub.rahulshettyacademy.com
Vary: Origin
Access-Control-Allow-Credentials: true
Content-Type: application/json; charset=utf-8
Content-Length: 1030
ETag: W/"406-6g2uWNBcIUP+Qmy8O/W6uDyDETY"
Keep-Alive: timeout=5, max=100
Connection: Keep-Alive

{
    "success": true,
    "data": {
        "id": 27872,
        "eventId": 1,
        "userId": 7280,
        "customerName": "Drew Windler V",
        "customerEmail": "audry.stark@hotmail.com",
        "customerPhone": "+880182941797",
        "quantity": 4,
        "totalPrice": "6000",
        "status": "confirmed",
        "bookingRef": "W-5REKOH",
        "createdAt": "2026-05-01T13:34:29.980Z",
        "updatedAt": "2026-05-01T13:34:29.980Z",
        "event": {
            "id": 1,
            "title": "World Tech Summit",
            "description": "A premier technology conference bringing together 500+ industry leaders, startup founders, and engineers for two days of keynotes, workshops, and networking. Topics include AI/ML, cloud infrastructure, DevSecOps, and the future of the Indian tech ecosystem.",
            "category": "Conference",
            "venue": "Hyderabad, Hitech city",
            "city": "Hyderabad",
            "eventDate": "2026-04-18T09:00:00.000Z",
            "price": "1500",
            "totalSeats": 500,
            "availableSeats": 238,
            "imageUrl": "https://images.unsplash.com/photo-1540575467063-178a50c2df87?w=800",
            "isStatic": true,
            "userId": null,
            "createdAt": "2026-02-22T23:03:37.659Z",
            "updatedAt": "2026-05-01T11:06:37.855Z"
        }
    },
    "message": "Booking confirmed!"
}
]]></system-out>
  </testcase>
  <testcase name="test_read_booking_by_id[org.testng.TestRunner@5dc9d25a](1)" classname="api.tests.BookingTests" time="0.176">
    <system-out><![CDATA[HTTP/1.1 200 OK
Date: Fri, 01 May 2026 13:34:30 GMT
Server: Apache/2.4.52 (Ubuntu)
X-Powered-By: Express
Access-Control-Allow-Origin: https://eventhub.rahulshettyacademy.com
Vary: Origin
Access-Control-Allow-Credentials: true
Content-Type: application/json; charset=utf-8
Content-Length: 999
ETag: W/"3e7-PfvC0UgZRAKLM8jWWRGyQe9CYvE"
Keep-Alive: timeout=5, max=100
Connection: Keep-Alive

{
    "success": true,
    "data": {
        "id": 27872,
        "eventId": 1,
        "userId": 7280,
        "customerName": "Drew Windler V",
        "customerEmail": "audry.stark@hotmail.com",
        "customerPhone": "+880182941797",
        "quantity": 4,
        "totalPrice": "6000",
        "status": "confirmed",
        "bookingRef": "W-5REKOH",
        "createdAt": "2026-05-01T13:34:29.980Z",
        "updatedAt": "2026-05-01T13:34:29.980Z",
        "event": {
            "id": 1,
            "title": "World Tech Summit",
            "description": "A premier technology conference bringing together 500+ industry leaders, startup founders, and engineers for two days of keynotes, workshops, and networking. Topics include AI/ML, cloud infrastructure, DevSecOps, and the future of the Indian tech ecosystem.",
            "category": "Conference",
            "venue": "Hyderabad, Hitech city",
            "city": "Hyderabad",
            "eventDate": "2026-04-18T09:00:00.000Z",
            "price": "1500",
            "totalSeats": 500,
            "availableSeats": 238,
            "imageUrl": "https://images.unsplash.com/photo-1540575467063-178a50c2df87?w=800",
            "isStatic": true,
            "userId": null,
            "createdAt": "2026-02-22T23:03:37.659Z",
            "updatedAt": "2026-05-01T11:06:37.855Z"
        }
    }
}
]]></system-out>
  </testcase>
  <testcase name="test_read_booking_by_ref[org.testng.TestRunner@5dc9d25a](1)" classname="api.tests.BookingTests" time="0.157">
    <system-out><![CDATA[HTTP/1.1 200 OK
Date: Fri, 01 May 2026 13:34:30 GMT
Server: Apache/2.4.52 (Ubuntu)
X-Powered-By: Express
Access-Control-Allow-Origin: https://eventhub.rahulshettyacademy.com
Vary: Origin
Access-Control-Allow-Credentials: true
Content-Type: application/json; charset=utf-8
Content-Length: 999
ETag: W/"3e7-PfvC0UgZRAKLM8jWWRGyQe9CYvE"
Keep-Alive: timeout=5, max=100
Connection: Keep-Alive

{
    "success": true,
    "data": {
        "id": 27872,
        "eventId": 1,
        "userId": 7280,
        "customerName": "Drew Windler V",
        "customerEmail": "audry.stark@hotmail.com",
        "customerPhone": "+880182941797",
        "quantity": 4,
        "totalPrice": "6000",
        "status": "confirmed",
        "bookingRef": "W-5REKOH",
        "createdAt": "2026-05-01T13:34:29.980Z",
        "updatedAt": "2026-05-01T13:34:29.980Z",
        "event": {
            "id": 1,
            "title": "World Tech Summit",
            "description": "A premier technology conference bringing together 500+ industry leaders, startup founders, and engineers for two days of keynotes, workshops, and networking. Topics include AI/ML, cloud infrastructure, DevSecOps, and the future of the Indian tech ecosystem.",
            "category": "Conference",
            "venue": "Hyderabad, Hitech city",
            "city": "Hyderabad",
            "eventDate": "2026-04-18T09:00:00.000Z",
            "price": "1500",
            "totalSeats": 500,
            "availableSeats": 238,
            "imageUrl": "https://images.unsplash.com/photo-1540575467063-178a50c2df87?w=800",
            "isStatic": true,
            "userId": null,
            "createdAt": "2026-02-22T23:03:37.659Z",
            "updatedAt": "2026-05-01T11:06:37.855Z"
        }
    }
}
]]></system-out>
  </testcase>
  <testcase name="test_delete_booking[org.testng.TestRunner@5dc9d25a](1)" classname="api.tests.BookingTests" time="0.209">
    <system-out><![CDATA[HTTP/1.1 200 OK
Date: Fri, 01 May 2026 13:34:30 GMT
Server: Apache/2.4.52 (Ubuntu)
X-Powered-By: Express
Access-Control-Allow-Origin: https://eventhub.rahulshettyacademy.com
Vary: Origin
Access-Control-Allow-Credentials: true
Content-Type: application/json; charset=utf-8
Content-Length: 46
ETag: W/"2e-ZzefWV9z74FsUotarh0dpXKMDns"
Keep-Alive: timeout=5, max=100
Connection: Keep-Alive

{
    "success": true,
    "message": "Booking cancelled"
}
]]></system-out>
  </testcase>
  <testcase name="testPostEvent[org.testng.TestRunner@5dc9d25a](1)" classname="api.tests.EventTests" time="0.248">
    <system-out><![CDATA[Test Post Event eyJhbGciOiJIUzI1NiIsInR5cCI6IkpXVCJ9.eyJ1c2VySWQiOjcyODAsImVtYWlsIjoibm9sYS5mYXlAZ21haWwuY29tIiwiaWF0IjoxNzc3NjQyNDY5LCJleHAiOjE3NzgyNDcyNjl9.k3cmSR2wchqDjtf33CmQF5rO1S7BaZkBq0NJTHmNgj0
HTTP/1.1 201 Created
Date: Fri, 01 May 2026 13:34:30 GMT
Server: Apache/2.4.52 (Ubuntu)
X-Powered-By: Express
Access-Control-Allow-Origin: https://eventhub.rahulshettyacademy.com
Vary: Origin
Access-Control-Allow-Credentials: true
Content-Type: application/json; charset=utf-8
Content-Length: 481
ETag: W/"1e1-GKOKTF4ZnRWNBA1CSc+ob37eMHM"
Keep-Alive: timeout=5, max=100
Connection: Keep-Alive

{
    "success": true,
    "data": {
        "id": 27981,
        "title": "Blue Remembered Earth",
        "description": "Voluptatum assumenda et sunt.",
        "category": "Home, Music & Outdoors",
        "venue": "Herman LLC",
        "city": "Marnihaven",
        "eventDate": "2026-06-15T09:00:00.000Z",
        "price": "367",
        "totalSeats": 89,
        "availableSeats": 89,
        "imageUrl": "http://lorempixel.com/1920/1200/nature/",
        "isStatic": false,
        "userId": 7280,
        "createdAt": "2026-05-01T13:34:30.945Z",
        "updatedAt": "2026-05-01T13:34:30.945Z"
    },
    "message": "Event created successfully"
}
]]></system-out>
  </testcase>
  <testcase name="testGetEvent[org.testng.TestRunner@5dc9d25a](1)" classname="api.tests.EventTests" time="0.172">
    <system-out><![CDATA[Test Post Event eyJhbGciOiJIUzI1NiIsInR5cCI6IkpXVCJ9.eyJ1c2VySWQiOjcyODAsImVtYWlsIjoibm9sYS5mYXlAZ21haWwuY29tIiwiaWF0IjoxNzc3NjQyNDY5LCJleHAiOjE3NzgyNDcyNjl9.k3cmSR2wchqDjtf33CmQF5rO1S7BaZkBq0NJTHmNgj0
HTTP/1.1 200 OK
Date: Fri, 01 May 2026 13:34:31 GMT
Server: Apache/2.4.52 (Ubuntu)
X-Powered-By: Express
Access-Control-Allow-Origin: https://eventhub.rahulshettyacademy.com
Vary: Origin
Access-Control-Allow-Credentials: true
Content-Type: application/json; charset=utf-8
Content-Length: 442
ETag: W/"1ba-r7kEp5dKqdJcD0D2ZZgaLhMrKG8"
Keep-Alive: timeout=5, max=100
Connection: Keep-Alive

{
    "success": true,
    "data": {
        "id": 27981,
        "title": "Blue Remembered Earth",
        "description": "Voluptatum assumenda et sunt.",
        "category": "Home, Music & Outdoors",
        "venue": "Herman LLC",
        "city": "Marnihaven",
        "eventDate": "2026-06-15T09:00:00.000Z",
        "price": "367",
        "totalSeats": 89,
        "availableSeats": 89,
        "imageUrl": "http://lorempixel.com/1920/1200/nature/",
        "isStatic": false,
        "userId": 7280,
        "createdAt": "2026-05-01T13:34:30.945Z",
        "updatedAt": "2026-05-01T13:34:30.945Z"
    }
}
]]></system-out>
  </testcase>
  <testcase name="testUpdateEvent[org.testng.TestRunner@5dc9d25a](1)" classname="api.tests.EventTests" time="0.246">
    <system-out><![CDATA[HTTP/1.1 200 OK
Date: Fri, 01 May 2026 13:34:31 GMT
Server: Apache/2.4.52 (Ubuntu)
X-Powered-By: Express
Access-Control-Allow-Origin: https://eventhub.rahulshettyacademy.com
Vary: Origin
Access-Control-Allow-Credentials: true
Content-Type: application/json; charset=utf-8
Content-Length: 494
ETag: W/"1ee-841NnwjooujSjpwGsaOQQgGR3E4"
Keep-Alive: timeout=5, max=100
Connection: Keep-Alive

{
    "success": true,
    "data": {
        "id": 27981,
        "title": "Fear and Trembling",
        "description": "Sunt nostrum doloremque reiciendis.",
        "category": "Beauty",
        "venue": "Bergstrom, Schumm and Baumbach",
        "city": "Denesikmouth",
        "eventDate": "2026-06-15T09:00:00.000Z",
        "price": "720",
        "totalSeats": 149,
        "availableSeats": 89,
        "imageUrl": "http://lorempixel.com/g/1366/768/technics/",
        "isStatic": false,
        "userId": 7280,
        "createdAt": "2026-05-01T13:34:30.945Z",
        "updatedAt": "2026-05-01T13:34:31.381Z"
    },
    "message": "Event updated successfully"
}
]]></system-out>
  </testcase>
  <testcase name="testDeleteEvent[org.testng.TestRunner@5dc9d25a](1)" classname="api.tests.EventTests" time="0.171">
    <system-out><![CDATA[HTTP/1.1 200 OK
Date: Fri, 01 May 2026 13:34:31 GMT
Server: Apache/2.4.52 (Ubuntu)
X-Powered-By: Express
Access-Control-Allow-Origin: https://eventhub.rahulshettyacademy.com
Vary: Origin
Access-Control-Allow-Credentials: true
Content-Type: application/json; charset=utf-8
Content-Length: 55
ETag: W/"37-Qo9mb78Y7s+pUu+WpmJap/uNXdc"
Keep-Alive: timeout=5, max=100
Connection: Keep-Alive

{
    "success": true,
    "message": "Event deleted successfully"
}
]]></system-out>
  </testcase>
</testsuite>