<?xml version="1.0" encoding="UTF-8"?>
<testng-results ignored="0" total="11" passed="11" failed="0" skipped="0">
  <reporter-output>
  </reporter-output>
  <suite started-at="2026-05-01T19:34:27 BDT" name="Surefire suite" finished-at="2026-05-01T19:34:35 BDT" duration-ms="7923">
    <groups>
    </groups>
    <test started-at="2026-05-01T19:34:27 BDT" name="Surefire test" finished-at="2026-05-01T19:34:35 BDT" duration-ms="7923">
      <class name="api.tests.BookingTests">
        <test-method is-config="true" signature="setup_data()[pri:0, instance:api.tests.BookingTests@625732]" started-at="2026-05-01T19:34:33 BDT" name="setup_data" finished-at="2026-05-01T19:34:34 BDT" duration-ms="58" status="PASS">
          <reporter-output>
          </reporter-output>
        </test-method> <!-- setup_data -->
        <test-method signature="test_create_booking(org.testng.ITestContext)[pri:1, instance:api.tests.BookingTests@625732]" started-at="2026-05-01T19:34:34 BDT" name="test_create_booking" finished-at="2026-05-01T19:34:34 BDT" duration-ms="260" status="PASS">
          <params>
            <param index="0">
              <value>
                <![CDATA[org.testng.TestRunner@5dc9d25a]]>
              </value>
            </param>
          </params>
          <reporter-output>
          </reporter-output>
        </test-method> <!-- test_create_booking -->
        <test-method signature="test_read_booking_by_id(org.testng.ITestContext)[pri:2, instance:api.tests.BookingTests@625732]" started-at="2026-05-01T19:34:34 BDT" name="test_read_booking_by_id" finished-at="2026-05-01T19:34:34 BDT" depends-on-methods="api.tests.BookingTests.test_create_booking" duration-ms="175" status="PASS">
          <params>
            <param index="0">
              <value>
                <![CDATA[org.testng.TestRunner@5dc9d25a]]>
              </value>
            </param>
          </params>
          <reporter-output>
          </reporter-output>
        </test-method> <!-- test_read_booking_by_id -->
        <test-method signature="test_read_booking_by_ref(org.testng.ITestContext)[pri:3, instance:api.tests.BookingTests@625732]" started-at="2026-05-01T19:34:34 BDT" name="test_read_booking_by_ref" finished-at="2026-05-01T19:34:34 BDT" depends-on-methods="api.tests.BookingTests.test_create_booking" duration-ms="158" status="PASS">
          <params>
            <param index="0">
              <value>
                <![CDATA[org.testng.TestRunner@5dc9d25a]]>
              </value>
            </param>
          </params>
          <reporter-output>
          </reporter-output>
        </test-method> <!-- test_read_booking_by_ref -->
        <test-method signature="test_delete_booking(org.testng.ITestContext)[pri:4, instance:api.tests.BookingTests@625732]" started-at="2026-05-01T19:34:34 BDT" name="test_delete_booking" finished-at="2026-05-01T19:34:34 BDT" depends-on-methods="api.tests.BookingTests.test_create_booking" duration-ms="209" status="PASS">
          <params>
            <param index="0">
              <value>
                <![CDATA[org.testng.TestRunner@5dc9d25a]]>
              </value>
            </param>
          </params>
          <reporter-output>
          </reporter-output>
        </test-method> <!-- test_delete_booking -->
      </class> <!-- api.tests.BookingTests -->
      <class name="api.tests.AuthTests">
        <test-method is-config="true" signature="setup_data()[pri:0, instance:api.tests.AuthTests@a3d8174]" started-at="2026-05-01T19:34:27 BDT" name="setup_data" finished-at="2026-05-01T19:34:28 BDT" duration-ms="420" status="PASS">
          <reporter-output>
          </reporter-output>
        </test-method> <!-- setup_data -->
        <test-method signature="testPostUser()[pri:1, instance:api.tests.AuthTests@a3d8174]" started-at="2026-05-01T19:34:28 BDT" name="testPostUser" finished-at="2026-05-01T19:34:33 BDT" duration-ms="4912" status="PASS">
          <reporter-output>
          </reporter-output>
        </test-method> <!-- testPostUser -->
        <test-method signature="testPostLoginUser(org.testng.ITestContext)[pri:2, instance:api.tests.AuthTests@a3d8174]" started-at="2026-05-01T19:34:33 BDT" name="testPostLoginUser" finished-at="2026-05-01T19:34:33 BDT" depends-on-methods="api.tests.AuthTests.testPostUser" duration-ms="324" status="PASS">
          <params>
            <param index="0">
              <value>
                <![CDATA[org.testng.TestRunner@5dc9d25a]]>
              </value>
            </param>
          </params>
          <reporter-output>
          </reporter-output>
        </test-method> <!-- testPostLoginUser -->
        <test-method signature="testAuthenticateUser()[pri:3, instance:api.tests.AuthTests@a3d8174]" started-at="2026-05-01T19:34:33 BDT" name="testAuthenticateUser" finished-at="2026-05-01T19:34:33 BDT" depends-on-methods="api.tests.AuthTests.testPostLoginUser" duration-ms="318" status="PASS">
          <reporter-output>
          </reporter-output>
        </test-method> <!-- testAuthenticateUser -->
      </class> <!-- api.tests.AuthTests -->
      <class name="api.tests.EventTests">
        <test-method is-config="true" signature="setup_data()[pri:0, instance:api.tests.EventTests@51dcb805]" started-at="2026-05-01T19:34:34 BDT" name="setup_data" finished-at="2026-05-01T19:34:35 BDT" duration-ms="161" status="PASS">
          <reporter-output>
          </reporter-output>
        </test-method> <!-- setup_data -->
        <test-method signature="testPostEvent(org.testng.ITestContext)[pri:1, instance:api.tests.EventTests@51dcb805]" started-at="2026-05-01T19:34:35 BDT" name="testPostEvent" finished-at="2026-05-01T19:34:35 BDT" duration-ms="248" status="PASS">
          <params>
            <param index="0">
              <value>
                <![CDATA[org.testng.TestRunner@5dc9d25a]]>
              </value>
            </param>
          </params>
          <reporter-output>
          </reporter-output>
        </test-method> <!-- testPostEvent -->
        <test-method signature="testGetEvent(org.testng.ITestContext)[pri:2, instance:api.tests.EventTests@51dcb805]" started-at="2026-05-01T19:34:35 BDT" name="testGetEvent" finished-at="2026-05-01T19:34:35 BDT" depends-on-methods="api.tests.EventTests.testPostEvent" duration-ms="171" status="PASS">
          <params>
            <param index="0">
              <value>
                <![CDATA[org.testng.TestRunner@5dc9d25a]]>
              </value>
            </param>
          </params>
          <reporter-output>
          </reporter-output>
        </test-method> <!-- testGetEvent -->
        <test-method signature="testUpdateEvent(org.testng.ITestContext)[pri:3, instance:api.tests.EventTests@51dcb805]" started-at="2026-05-01T19:34:35 BDT" name="testUpdateEvent" finished-at="2026-05-01T19:34:35 BDT" depends-on-methods="api.tests.EventTests.testGetEvent" duration-ms="242" status="PASS">
          <params>
            <param index="0">
              <value>
                <![CDATA[org.testng.TestRunner@5dc9d25a]]>
              </value>
            </param>
          </params>
          <reporter-output>
          </reporter-output>
        </test-method> <!-- testUpdateEvent -->
        <test-method signature="testDeleteEvent(org.testng.ITestContext)[pri:4, instance:api.tests.EventTests@51dcb805]" started-at="2026-05-01T19:34:35 BDT" name="testDeleteEvent" finished-at="2026-05-01T19:34:35 BDT" depends-on-methods="api.tests.EventTests.testUpdateEvent" duration-ms="175" status="PASS">
          <params>
            <param index="0">
              <value>
                <![CDATA[org.testng.TestRunner@5dc9d25a]]>
              </value>
            </param>
          </params>
          <reporter-output>
          </reporter-output>
        </test-method> <!-- testDeleteEvent -->
      </class> <!-- api.tests.EventTests -->
    </test> <!-- Surefire test -->
  </suite> <!-- Surefire suite -->
</testng-results>
