<?xml version="1.0" encoding="UTF-8"?>
<testng-results ignored="0" total="11" passed="11" failed="0" skipped="0">
  <reporter-output>
  </reporter-output>
  <suite started-at="2026-05-01T12:20:05 BDT" name="Suite" finished-at="2026-05-01T12:20:11 BDT" duration-ms="6628">
    <groups>
    </groups>
    <test started-at="2026-05-01T12:20:05 BDT" name="AuthTest" finished-at="2026-05-01T12:20:08 BDT" duration-ms="3521">
      <class name="api.tests.AuthTests">
        <test-method is-config="true" signature="setup_data()[pri:0, instance:api.tests.AuthTests@5f049ea1]" started-at="2026-05-01T12:20:05 BDT" name="setup_data" finished-at="2026-05-01T12:20:05 BDT" duration-ms="175" status="PASS">
          <reporter-output>
          </reporter-output>
        </test-method> <!-- setup_data -->
        <test-method signature="testPostUser()[pri:1, instance:api.tests.AuthTests@5f049ea1]" started-at="2026-05-01T12:20:05 BDT" name="testPostUser" finished-at="2026-05-01T12:20:08 BDT" duration-ms="2550" status="PASS">
          <reporter-output>
          </reporter-output>
        </test-method> <!-- testPostUser -->
        <test-method signature="testPostLoginUser(org.testng.ITestContext)[pri:2, instance:api.tests.AuthTests@5f049ea1]" started-at="2026-05-01T12:20:08 BDT" name="testPostLoginUser" finished-at="2026-05-01T12:20:08 BDT" depends-on-methods="api.tests.AuthTests.testPostUser" duration-ms="291" status="PASS">
          <params>
            <param index="0">
              <value>
                <![CDATA[org.testng.TestRunner@1e2b37cd]]>
              </value>
            </param>
          </params>
          <reporter-output>
          </reporter-output>
        </test-method> <!-- testPostLoginUser -->
        <test-method signature="testAuthenticateUser()[pri:3, instance:api.tests.AuthTests@5f049ea1]" started-at="2026-05-01T12:20:08 BDT" name="testAuthenticateUser" finished-at="2026-05-01T12:20:08 BDT" depends-on-methods="api.tests.AuthTests.testPostLoginUser" duration-ms="235" status="PASS">
          <reporter-output>
          </reporter-output>
        </test-method> <!-- testAuthenticateUser -->
      </class> <!-- api.tests.AuthTests -->
    </test> <!-- AuthTest -->
    <test started-at="2026-05-01T12:20:09 BDT" name="EventTest" finished-at="2026-05-01T12:20:11 BDT" duration-ms="2088">
      <class name="api.tests.EventTests">
        <test-method is-config="true" signature="setup_data()[pri:0, instance:api.tests.EventTests@6c4906d3]" started-at="2026-05-01T12:20:09 BDT" name="setup_data" finished-at="2026-05-01T12:20:09 BDT" duration-ms="78" status="PASS">
          <reporter-output>
          </reporter-output>
        </test-method> <!-- setup_data -->
        <test-method signature="testPostEvent(org.testng.ITestContext)[pri:1, instance:api.tests.EventTests@6c4906d3]" started-at="2026-05-01T12:20:09 BDT" name="testPostEvent" finished-at="2026-05-01T12:20:09 BDT" duration-ms="205" status="PASS">
          <params>
            <param index="0">
              <value>
                <![CDATA[org.testng.TestRunner@79c48ad5]]>
              </value>
            </param>
          </params>
          <reporter-output>
          </reporter-output>
        </test-method> <!-- testPostEvent -->
        <test-method signature="testGetEvent(org.testng.ITestContext)[pri:2, instance:api.tests.EventTests@6c4906d3]" started-at="2026-05-01T12:20:09 BDT" name="testGetEvent" finished-at="2026-05-01T12:20:09 BDT" depends-on-methods="api.tests.EventTests.testPostEvent" duration-ms="517" status="PASS">
          <params>
            <param index="0">
              <value>
                <![CDATA[org.testng.TestRunner@79c48ad5]]>
              </value>
            </param>
          </params>
          <reporter-output>
          </reporter-output>
        </test-method> <!-- testGetEvent -->
        <test-method signature="testUpdateEvent(org.testng.ITestContext)[pri:3, instance:api.tests.EventTests@6c4906d3]" started-at="2026-05-01T12:20:09 BDT" name="testUpdateEvent" finished-at="2026-05-01T12:20:10 BDT" depends-on-methods="api.tests.EventTests.testGetEvent" duration-ms="1096" status="PASS">
          <params>
            <param index="0">
              <value>
                <![CDATA[org.testng.TestRunner@79c48ad5]]>
              </value>
            </param>
          </params>
          <reporter-output>
          </reporter-output>
        </test-method> <!-- testUpdateEvent -->
        <test-method signature="testDeleteEvent(org.testng.ITestContext)[pri:4, instance:api.tests.EventTests@6c4906d3]" started-at="2026-05-01T12:20:10 BDT" name="testDeleteEvent" finished-at="2026-05-01T12:20:11 BDT" depends-on-methods="api.tests.EventTests.testUpdateEvent" duration-ms="183" status="PASS">
          <params>
            <param index="0">
              <value>
                <![CDATA[org.testng.TestRunner@79c48ad5]]>
              </value>
            </param>
          </params>
          <reporter-output>
          </reporter-output>
        </test-method> <!-- testDeleteEvent -->
      </class> <!-- api.tests.EventTests -->
    </test> <!-- EventTest -->
    <test started-at="2026-05-01T12:20:11 BDT" name="BookingTest" finished-at="2026-05-01T12:20:11 BDT" duration-ms="750">
      <class name="api.tests.BookingTests">
        <test-method is-config="true" signature="setup_data()[pri:0, instance:api.tests.BookingTests@6f01b95f]" started-at="2026-05-01T12:20:11 BDT" name="setup_data" finished-at="2026-05-01T12:20:11 BDT" duration-ms="13" status="PASS">
          <reporter-output>
          </reporter-output>
        </test-method> <!-- setup_data -->
        <test-method signature="test_create_booking(org.testng.ITestContext)[pri:1, instance:api.tests.BookingTests@6f01b95f]" started-at="2026-05-01T12:20:11 BDT" name="test_create_booking" finished-at="2026-05-01T12:20:11 BDT" duration-ms="213" status="PASS">
          <params>
            <param index="0">
              <value>
                <![CDATA[org.testng.TestRunner@3230a186]]>
              </value>
            </param>
          </params>
          <reporter-output>
          </reporter-output>
        </test-method> <!-- test_create_booking -->
        <test-method signature="test_read_booking_by_id(org.testng.ITestContext)[pri:2, instance:api.tests.BookingTests@6f01b95f]" started-at="2026-05-01T12:20:11 BDT" name="test_read_booking_by_id" finished-at="2026-05-01T12:20:11 BDT" depends-on-methods="api.tests.BookingTests.test_create_booking" duration-ms="154" status="PASS">
          <params>
            <param index="0">
              <value>
                <![CDATA[org.testng.TestRunner@3230a186]]>
              </value>
            </param>
          </params>
          <reporter-output>
          </reporter-output>
        </test-method> <!-- test_read_booking_by_id -->
        <test-method signature="test_read_booking_by_ref(org.testng.ITestContext)[pri:3, instance:api.tests.BookingTests@6f01b95f]" started-at="2026-05-01T12:20:11 BDT" name="test_read_booking_by_ref" finished-at="2026-05-01T12:20:11 BDT" depends-on-methods="api.tests.BookingTests.test_create_booking" duration-ms="171" status="PASS">
          <params>
            <param index="0">
              <value>
                <![CDATA[org.testng.TestRunner@3230a186]]>
              </value>
            </param>
          </params>
          <reporter-output>
          </reporter-output>
        </test-method> <!-- test_read_booking_by_ref -->
        <test-method signature="test_delete_booking(org.testng.ITestContext)[pri:4, instance:api.tests.BookingTests@6f01b95f]" started-at="2026-05-01T12:20:11 BDT" name="test_delete_booking" finished-at="2026-05-01T12:20:11 BDT" depends-on-methods="api.tests.BookingTests.test_create_booking" duration-ms="189" status="PASS">
          <params>
            <param index="0">
              <value>
                <![CDATA[org.testng.TestRunner@3230a186]]>
              </value>
            </param>
          </params>
          <reporter-output>
          </reporter-output>
        </test-method> <!-- test_delete_booking -->
      </class> <!-- api.tests.BookingTests -->
    </test> <!-- BookingTest -->
  </suite> <!-- Suite -->
</testng-results>
