<?xml version="1.0" encoding="UTF-8"?>
<testng-results ignored="0" total="3" passed="3" failed="0" skipped="0">
  <reporter-output>
  </reporter-output>
  <suite started-at="2026-05-01T10:29:12 BDT" name="Suite" finished-at="2026-05-01T10:29:15 BDT" duration-ms="3175">
    <groups>
    </groups>
    <test started-at="2026-05-01T10:29:12 BDT" name="AuthTest" finished-at="2026-05-01T10:29:15 BDT" duration-ms="3175">
      <class name="api.tests.AuthTests">
        <test-method is-config="true" signature="setup_data()[pri:0, instance:api.tests.AuthTests@3f191845]" started-at="2026-05-01T10:29:12 BDT" name="setup_data" finished-at="2026-05-01T10:29:12 BDT" duration-ms="169" status="PASS">
          <reporter-output>
          </reporter-output>
        </test-method> <!-- setup_data -->
        <test-method signature="testPostUser()[pri:1, instance:api.tests.AuthTests@3f191845]" started-at="2026-05-01T10:29:12 BDT" name="testPostUser" finished-at="2026-05-01T10:29:14 BDT" duration-ms="2392" status="PASS">
          <reporter-output>
          </reporter-output>
        </test-method> <!-- testPostUser -->
        <test-method signature="testPostLoginUser()[pri:2, instance:api.tests.AuthTests@3f191845]" started-at="2026-05-01T10:29:15 BDT" name="testPostLoginUser" finished-at="2026-05-01T10:29:15 BDT" depends-on-methods="api.tests.AuthTests.testPostUser" duration-ms="318" status="PASS">
          <reporter-output>
          </reporter-output>
        </test-method> <!-- testPostLoginUser -->
        <test-method signature="testAuthenticateUser()[pri:3, instance:api.tests.AuthTests@3f191845]" started-at="2026-05-01T10:29:15 BDT" name="testAuthenticateUser" finished-at="2026-05-01T10:29:15 BDT" depends-on-methods="api.tests.AuthTests.testPostLoginUser" duration-ms="253" status="PASS">
          <reporter-output>
          </reporter-output>
        </test-method> <!-- testAuthenticateUser -->
      </class> <!-- api.tests.AuthTests -->
    </test> <!-- AuthTest -->
  </suite> <!-- Suite -->
</testng-results>
