<?xml version="1.0" encoding="UTF-8"?>
<!-- Generated by org.testng.reporters.JUnitReportReporter -->
<testsuite hostname="LAPTOP-ODIK6SBS" failures="0" tests="3" name="api.tests.AuthTests" time="3.300" errors="0" timestamp="2026-05-02T10:52:21 BDT" skipped="0">
  <testcase classname="api.tests.AuthTests" name="testPostUser" time="2.637"/>
  <testcase classname="api.tests.AuthTests" name="testPostLoginUser" time="0.388"/>
  <testcase classname="api.tests.AuthTests" name="testAuthenticateUser" time="0.275"/>
</testsuite> <!-- api.tests.AuthTests -->
