<?xml version="1.0" encoding="UTF-8"?>
<!-- Generated by org.testng.reporters.JUnitReportReporter -->
<testsuite hostname="LAPTOP-ODIK6SBS" failures="0" tests="4" name="api.tests.EventTests" time="2.619" errors="0" timestamp="2026-05-05T22:59:01 BDT" skipped="0">
  <testcase classname="api.tests.EventTests" name="testPostEvent" time="0.198"/>
  <testcase classname="api.tests.EventTests" name="testGetEvent" time="1.404"/>
  <testcase classname="api.tests.EventTests" name="testUpdateEvent" time="0.236"/>
  <testcase classname="api.tests.EventTests" name="testDeleteEvent" time="0.781"/>
</testsuite> <!-- api.tests.EventTests -->
