<?xml version="1.0" encoding="UTF-8"?>
<!-- Generated by org.testng.reporters.JUnitReportReporter -->
<testsuite hostname="LAPTOP-ODIK6SBS" failures="0" tests="4" name="api.tests.BookingTests" time="1.091" errors="0" timestamp="2026-05-02T10:52:21 BDT" skipped="0">
  <testcase classname="api.tests.BookingTests" name="test_create_booking" time="0.239"/>
  <testcase classname="api.tests.BookingTests" name="test_read_booking_by_id" time="0.189"/>
  <testcase classname="api.tests.BookingTests" name="test_read_booking_by_ref" time="0.446"/>
  <testcase classname="api.tests.BookingTests" name="test_delete_booking" time="0.217"/>
</testsuite> <!-- api.tests.BookingTests -->
