<?xml version="1.0" encoding="UTF-8"?>
<!-- Generated by org.testng.reporters.JUnitReportReporter -->
<testsuite hostname="LAPTOP-ODIK6SBS" failures="0" tests="3" name="api.tests.AuthTests" time="3.680" errors="0" timestamp="2026-05-05T22:38:49 BDT" skipped="0">
  <testcase classname="api.tests.AuthTests" name="testPostUser" time="3.205"/>
  <testcase classname="api.tests.AuthTests" name="testPostLoginUser" time="0.292"/>
  <testcase classname="api.tests.AuthTests" name="testAuthenticateUser" time="0.183"/>
</testsuite> <!-- api.tests.AuthTests -->
