<?xml version="1.0" encoding="UTF-8"?>
<!-- Generated by org.testng.reporters.JUnitReportReporter -->
<testsuite hostname="LAPTOP-ODIK6SBS" failures="0" tests="4" name="api.tests.BookingTests" time="0.709" errors="0" timestamp="2026-05-01T12:12:39 BDT" skipped="0">
  <testcase classname="api.tests.BookingTests" name="test_create_booking" time="0.213"/>
  <testcase classname="api.tests.BookingTests" name="test_read_booking_by_id" time="0.161"/>
  <testcase classname="api.tests.BookingTests" name="test_read_booking_by_ref" time="0.156"/>
  <testcase classname="api.tests.BookingTests" name="test_delete_booking" time="0.179"/>
</testsuite> <!-- api.tests.BookingTests -->
