<?xml version="1.0" encoding="UTF-8"?>
<!-- Generated by org.testng.reporters.JUnitReportReporter -->
<testsuite hostname="LAPTOP-ODIK6SBS" failures="0" tests="4" name="api.tests.EventTests" time="2.001" errors="0" timestamp="2026-05-01T12:20:12 BDT" skipped="0">
  <testcase classname="api.tests.EventTests" name="testPostEvent" time="0.205"/>
  <testcase classname="api.tests.EventTests" name="testGetEvent" time="0.517"/>
  <testcase classname="api.tests.EventTests" name="testUpdateEvent" time="1.096"/>
  <testcase classname="api.tests.EventTests" name="testDeleteEvent" time="0.183"/>
</testsuite> <!-- api.tests.EventTests -->
