<?xml version="1.0" encoding="UTF-8"?>
<!-- Generated by org.testng.reporters.JUnitReportReporter -->
<testsuite hostname="LAPTOP-ODIK6SBS" failures="0" tests="3" name="api.tests.AuthTests" time="5.554" errors="0" timestamp="2026-05-01T19:34:35 BDT" skipped="0">
  <testcase classname="api.tests.AuthTests" name="testPostUser" time="4.912"/>
  <testcase classname="api.tests.AuthTests" name="testPostLoginUser" time="0.324"/>
  <testcase classname="api.tests.AuthTests" name="testAuthenticateUser" time="0.318"/>
</testsuite> <!-- api.tests.AuthTests -->
