<?xml version="1.0" encoding="UTF-8"?>
<!-- Generated by org.testng.reporters.JUnitReportReporter -->
<testsuite hostname="LAPTOP-ODIK6SBS" failures="0" tests="4" name="api.tests.EventTests" time="0.836" errors="0" timestamp="2026-05-01T19:34:35 BDT" skipped="0">
  <testcase classname="api.tests.EventTests" name="testPostEvent" time="0.248"/>
  <testcase classname="api.tests.EventTests" name="testGetEvent" time="0.171"/>
  <testcase classname="api.tests.EventTests" name="testUpdateEvent" time="0.242"/>
  <testcase classname="api.tests.EventTests" name="testDeleteEvent" time="0.175"/>
</testsuite> <!-- api.tests.EventTests -->
